#
# A fatal error has been detected by the Java Runtime Environment:
#
#  EXCEPTION_ACCESS_VIOLATION (0xc0000005) at pc=0x000000006dc47638, pid=3928, tid=3192
#
# JRE version: 6.0_31-b05
# Java VM: Java HotSpot(TM) 64-Bit Server VM (20.6-b01 mixed mode windows-amd64 compressed oops)
# Problematic frame:
# V  [jvm.dll+0x447638]
#
# If you would like to submit a bug report, please visit:
#   http://java.sun.com/webapps/bugreport/crash.jsp
#

---------------  T H R E A D  ---------------

Current thread (0x0000000005c34000):  JavaThread "C2 CompilerThread1" daemon [_thread_in_native, id=3192, stack(0x00000000067d0000,0x00000000068d0000)]

siginfo: ExceptionCode=0xc0000005, reading address 0x0000000106d8ce10

Registers:
RAX=0x0000000106d8cde8, RBX=0x0000000006d8cb88, RCX=0x000000000000000e, RDX=0x0000000000004000
RSP=0x00000000068ce540, RBP=0x00000000068ce740, RSI=0x00000000068ce7d0, RDI=0x0000000006d8d238
R8 =0x000000000000008c, R9 =0x0000000000000000, R10=0x0000000000000000, R11=0x0000000000000003
R12=0x0000000000000167, R13=0x0000000000000b38, R14=0x00000000068cf220, R15=0x0000000006bcae10
RIP=0x000000006dc47638, EFLAGS=0x0000000000010293

Top of Stack: (sp=0x00000000068ce540)
0x00000000068ce540:   00000000068ce740 0000000005d258d0
0x00000000068ce550:   00000000068ce7d0 0000000005d25980
0x00000000068ce560:   0000000006efed98 0000000006bcae10
0x00000000068ce570:   0000000000000000 00000000068ce650
0x00000000068ce580:   000000006ddb3e70 000000006dcf5c5a
0x00000000068ce590:   0000000000008000 00000000068ce730
0x00000000068ce5a0:   00000000068ce7d0 0000000005c2ebe0
0x00000000068ce5b0:   0000000000000000 0000000005caead0
0x00000000068ce5c0:   0000000000000000 0000000006e78068
0x00000000068ce5d0:   000000006ddb3e70 000000006dc4cebf
0x00000000068ce5e0:   0000000005c2ebe0 00000000068cf220
0x00000000068ce5f0:   0000000006e71cf0 0000000006e70080
0x00000000068ce600:   0000000000000000 0000000000000000
0x00000000068ce610:   0000000000000004 0000000006bcf780
0x00000000068ce620:   00000000068cfa70 00000000068cfa88
0x00000000068ce630:   0000000005c26ac0 0000000000000004 

Instructions: (pc=0x000000006dc47638)
0x000000006dc47618:   83 c5 08 49 8b 5c 05 f8 45 33 d2 44 8b 5b 20 45
0x000000006dc47628:   85 db 7e 58 45 33 c9 90 48 8b 7b 10 49 8b 04 39
0x000000006dc47638:   8b 48 28 8b c1 c1 e8 05 3b 45 30 73 19 44 8b c0
0x000000006dc47648:   48 8b 45 38 83 e1 1f 42 8b 04 80 ba 01 00 00 00 


Register to memory mapping:

RAX=0x0000000106d8cde8 is an unknown value
RBX=0x0000000006d8cb88 is an unknown value
RCX=0x000000000000000e is an unknown value
RDX=0x0000000000004000 is an unknown value
RSP=0x00000000068ce540 is pointing into the stack for thread: 0x0000000005c34000
RBP=0x00000000068ce740 is pointing into the stack for thread: 0x0000000005c34000
RSI=0x00000000068ce7d0 is pointing into the stack for thread: 0x0000000005c34000
RDI=0x0000000006d8d238 is an unknown value
R8 =0x000000000000008c is an unknown value
R9 =0x0000000000000000 is an unknown value
R10=0x0000000000000000 is an unknown value
R11=0x0000000000000003 is an unknown value
R12=0x0000000000000167 is an unknown value
R13=0x0000000000000b38 is an unknown value
R14=0x00000000068cf220 is pointing into the stack for thread: 0x0000000005c34000
R15=0x0000000006bcae10 is an unknown value


Stack: [0x00000000067d0000,0x00000000068d0000],  sp=0x00000000068ce540,  free space=1017k
Native frames: (J=compiled Java code, j=interpreted, Vv=VM code, C=native code)
V  [jvm.dll+0x447638]


Current CompileTask:
C2:  49440  33      co.d3s.ylt.renate.server.MainServer.tick()V (44 bytes)


---------------  P R O C E S S  ---------------

Java Threads: ( => current thread )
  0x0000000005c38000 JavaThread "Low Memory Detector" daemon [_thread_blocked, id=3476, stack(0x00000000068d0000,0x00000000069d0000)]
=>0x0000000005c34000 JavaThread "C2 CompilerThread1" daemon [_thread_in_native, id=3192, stack(0x00000000067d0000,0x00000000068d0000)]
  0x0000000005c31000 JavaThread "C2 CompilerThread0" daemon [_thread_in_native, id=808, stack(0x00000000066d0000,0x00000000067d0000)]
  0x0000000005c2c000 JavaThread "Attach Listener" daemon [_thread_blocked, id=2244, stack(0x00000000065d0000,0x00000000066d0000)]
  0x0000000005c27800 JavaThread "Signal Dispatcher" daemon [_thread_blocked, id=2144, stack(0x00000000064d0000,0x00000000065d0000)]
  0x0000000005bc8800 JavaThread "Finalizer" daemon [_thread_blocked, id=2424, stack(0x00000000063d0000,0x00000000064d0000)]
  0x0000000005bc2000 JavaThread "Reference Handler" daemon [_thread_blocked, id=1588, stack(0x00000000062d0000,0x00000000063d0000)]
  0x0000000001ca4000 JavaThread "main" [_thread_in_Java, id=3944, stack(0x0000000001d50000,0x0000000001e50000)]

Other Threads:
  0x0000000005bbd800 VMThread [stack: 0x00000000061d0000,0x00000000062d0000] [id=668]
  0x0000000005c4d800 WatcherThread [stack: 0x00000000069d0000,0x0000000006ad0000] [id=3696]

VM state:not at safepoint (normal execution)

VM Mutex/Monitor currently owned by a thread: None

Heap
 PSYoungGen      total 38208K, used 3126K [0x00000007d5560000, 0x00000007d8000000, 0x0000000800000000)
  eden space 32768K, 9% used [0x00000007d5560000,0x00000007d586d8c0,0x00000007d7560000)
  from space 5440K, 0% used [0x00000007d7ab0000,0x00000007d7ab0000,0x00000007d8000000)
  to   space 5440K, 0% used [0x00000007d7560000,0x00000007d7560000,0x00000007d7ab0000)
 PSOldGen        total 87424K, used 0K [0x0000000780000000, 0x0000000785560000, 0x00000007d5560000)
  object space 87424K, 0% used [0x0000000780000000,0x0000000780000000,0x0000000785560000)
 PSPermGen       total 21248K, used 3747K [0x000000077ae00000, 0x000000077c2c0000, 0x0000000780000000)
  object space 21248K, 17% used [0x000000077ae00000,0x000000077b1a8f30,0x000000077c2c0000)

Code Cache  [0x0000000001e50000, 0x00000000020c0000, 0x0000000004e50000)
 total_blobs=209 nmethods=34 adapters=129 free_code_cache=49899584 largest_free_block=7040

Dynamic libraries:
0x0000000000400000 - 0x000000000042f000 	C:\Program Files\Java\jre6\bin\javaw.exe
0x0000000077ec0000 - 0x0000000077ffc000 	C:\WINDOWS\system32\ntdll.dll
0x0000000077d40000 - 0x0000000077eb3000 	C:\WINDOWS\system32\kernel32.dll
0x000007ff7fee0000 - 0x000007ff7ffe6000 	C:\WINDOWS\system32\ADVAPI32.dll
0x000007ff7fd30000 - 0x000007ff7fed0000 	C:\WINDOWS\system32\RPCRT4.dll
0x000007ff7e9c0000 - 0x000007ff7e9e2000 	C:\WINDOWS\system32\Secur32.dll
0x0000000077c20000 - 0x0000000077d2c000 	C:\WINDOWS\system32\USER32.dll
0x000007ff7fc90000 - 0x000007ff7fd2c000 	C:\WINDOWS\system32\GDI32.dll
0x000007ff7d500000 - 0x000007ff7d539000 	C:\WINDOWS\system32\IMM32.DLL
0x000000006d800000 - 0x000000006dfb8000 	C:\Program Files\Java\jre6\bin\server\jvm.dll
0x000007ff7e240000 - 0x000007ff7e290000 	C:\WINDOWS\system32\WINMM.dll
0x000007ff7fc00000 - 0x000007ff7fc86000 	C:\WINDOWS\system32\msvcrt.dll
0x000000006d770000 - 0x000000006d77e000 	C:\Program Files\Java\jre6\bin\verify.dll
0x000000006d3b0000 - 0x000000006d3d7000 	C:\Program Files\Java\jre6\bin\java.dll
0x000000006d7c0000 - 0x000000006d7d2000 	C:\Program Files\Java\jre6\bin\zip.dll
0x000000006d610000 - 0x000000006d627000 	C:\Program Files\Java\jre6\bin\net.dll
0x000007ff77310000 - 0x000007ff77340000 	C:\WINDOWS\system32\WS2_32.dll
0x000007ff77140000 - 0x000007ff7714c000 	C:\WINDOWS\system32\WS2HELP.dll
0x000000006d630000 - 0x000000006d63b000 	C:\Program Files\Java\jre6\bin\nio.dll
0x0000000068000000 - 0x000000006804c000 	C:\WINDOWS\system32\rsaenh.dll
0x000007ff7e380000 - 0x000007ff7e390000 	C:\WINDOWS\system32\PSAPI.DLL
0x000007ff7c680000 - 0x000007ff7c78a000 	C:\WINDOWS\system32\USERENV.dll
0x000007ff77370000 - 0x000007ff77409000 	C:\WINDOWS\system32\netapi32.dll
0x000007ff771b0000 - 0x000007ff7722d000 	C:\WINDOWS\system32\mswsock.dll
0x000007ff6d200000 - 0x000007ff6d293000 	C:\WINDOWS\system32\hnetcfg.dll
0x000007ff77170000 - 0x000007ff7717b000 	C:\WINDOWS\System32\wshtcpip.dll

VM Arguments:
jvm_args: -Dfile.encoding=Cp1252 
java_command: co.d3s.ylt.renate.server.MainServer
Launcher Type: SUN_STANDARD

Environment Variables:
PATH=C:\Program Files (x86)\NVIDIA Corporation\PhysX\Common;C:\WINDOWS\system32;C:\WINDOWS;C:\WINDOWS\System32\Wbem
USERNAME=Administrator
OS=Windows_NT
PROCESSOR_IDENTIFIER=EM64T Family 6 Model 15 Stepping 11, GenuineIntel



---------------  S Y S T E M  ---------------

OS: Windows XP x64 Edition Build 3790 Service Pack 2

CPU:total 4 (4 cores per cpu, 1 threads per core) family 6 model 15 stepping 11, cmov, cx8, fxsr, mmx, sse, sse2, sse3, ssse3

Memory: 4k page, physical 8385592k(6495656k free), swap 10040860k(7883416k free)

vm_info: Java HotSpot(TM) 64-Bit Server VM (20.6-b01) for windows-amd64 JRE (1.6.0_31-b05), built on Feb  3 2012 18:34:57 by "java_re" with MS VC++ 8.0 (VS2005)

time: Mon Mar 19 17:40:09 2012
elapsed time: 49 seconds

